<?xml version="1.0" encoding="UTF-8"?>
<testsuite xmlns:xsi="http://www.w3.org/2001/XMLSchema-instance" xsi:noNamespaceSchemaLocation="https://maven.apache.org/surefire/maven-surefire-plugin/xsd/surefire-test-report-3.0.xsd" version="3.0" name="TaxCalculationTest" time="0.374" tests="6" errors="0" skipped="0" failures="0">
  <properties>
[...]
</properties>
  <testcase name="earningsMinusSpendingTest" classname="TaxCalculationTest" time="0.077">
    <system-out><![CDATA[Running Tests
Starting new test
Test complete:16140500
]]></system-out>
  </testcase>
  <testcase name="taxEarningsMinusSpendingTest" classname="TaxCalculationTest" time="0.006">
    <system-out><![CDATA[Starting new test
Test complete:911700
]]></system-out>
  </testcase>
  <testcase name="taxEarningsMinusSpendingTest(double, double)[1]" classname="TaxCalculationTest" time="0.074">
    <system-out><![CDATA[Starting new test
Test complete:67591200
]]></system-out>
  </testcase>
  <testcase name="taxEarningsMinusSpendingTest(double, double)[2]" classname="TaxCalculationTest" time="0.007">
    <system-out><![CDATA[Starting new test
Test complete:1636300
]]></system-out>
  </testcase>
  <testcase name="TaxСalculation" classname="TaxCalculationTest" time="0.005">
    <system-out><![CDATA[Starting new test
Test complete:522400
]]></system-out>
  </testcase>
  <testcase name="taxEarningsTest" classname="TaxCalculationTest" time="0.007">
    <system-out><![CDATA[Starting new test
Test complete:3187100
]]></system-out>
  </testcase>
</testsuite>